0 verbose cli /home/ubuntu/.nvm/versions/node/v16.14.2/bin/node /home/ubuntu/.nvm/versions/node/v16.14.2/bin/npm
1 info using npm@8.6.0
2 info using node@v16.14.2
3 timing npm:load:whichnode Completed in 0ms
4 timing config:load:defaults Completed in 2ms
5 timing config:load:file:/home/ubuntu/.nvm/versions/node/v16.14.2/lib/node_modules/npm/npmrc Completed in 60ms
6 timing config:load:builtin Completed in 72ms
7 timing config:load:cli Completed in 8ms
8 timing config:load:env Completed in 1ms
9 timing config:load:file:/home/ubuntu/.cache/typescript/4.6/.npmrc Completed in 0ms
10 timing config:load:project Completed in 49ms
11 timing config:load:file:/home/ubuntu/.npmrc Completed in 0ms
12 timing config:load:user Completed in 1ms
13 timing config:load:file:/home/ubuntu/.nvm/versions/node/v16.14.2/etc/npmrc Completed in 5ms
14 timing config:load:global Completed in 5ms
15 timing config:load:validate Completed in 0ms
16 timing config:load:credentials Completed in 30ms
17 timing config:load:setEnvs Completed in 14ms
18 timing config:load Completed in 191ms
19 timing npm:load:configload Completed in 191ms
20 timing npm:load:mkdirpcache Completed in 15ms
21 timing npm:load:mkdirplogs Completed in 3ms
22 verbose title npm install types-registry@latest
23 verbose argv "install" "--ignore-scripts" "types-registry@latest"
24 timing npm:load:setTitle Completed in 2ms
25 timing config:load:flatten Completed in 10ms
26 timing npm:load:display Completed in 23ms
27 verbose logfile logs-max:10 dir:/home/ubuntu/.npm/_logs
28 verbose logfile /home/ubuntu/.npm/_logs/2022-04-11T15_24_44_120Z-debug-0.log
29 timing npm:load:logFile Completed in 20ms
30 timing npm:load:timers Completed in 0ms
31 timing npm:load:configScope Completed in 0ms
32 timing npm:load Completed in 255ms
33 timing arborist:ctor Completed in 8ms
34 silly logfile start cleaning logs, removing 5 files
35 silly logfile done cleaning log files
36 timing idealTree:init Completed in 86ms
37 timing arborist:ctor Completed in 1ms
38 http fetch GET 200 https://registry.npmjs.org/types-registry 430ms (cache revalidated)
39 timing idealTree:userRequests Completed in 470ms
40 silly idealTree buildDeps
41 silly fetch manifest types-registry@0.1.587
42 silly placeDep ROOT types-registry@0.1.587 REPLACE for:  want: 0.1.587
43 timing idealTree:#root Completed in 28ms
44 timing idealTree:node_modules/types-registry Completed in 0ms
45 timing idealTree:buildDeps Completed in 34ms
46 timing idealTree:fixDepFlags Completed in 0ms
47 timing idealTree Completed in 592ms
48 timing reify:loadTrees Completed in 593ms
49 timing reify:diffTrees Completed in 14ms
50 silly reify moves {}
51 timing reify:retireShallow Completed in 2ms
52 timing reify:createSparse Completed in 8ms
53 timing reify:loadBundles Completed in 0ms
54 silly audit bulk request { 'types-registry': [ '0.1.587' ] }
55 timing reify:unpack Completed in 7ms
56 timing reify:unretire Completed in 0ms
57 timing build:queue Completed in 0ms
58 timing build:deps Completed in 0ms
59 timing build Completed in 19ms
60 timing reify:build Completed in 20ms
61 timing reify:trash Completed in 0ms
62 timing reify:save Completed in 20ms
63 http fetch POST 200 https://registry.npmjs.org/-/npm/v1/security/advisories/bulk 255ms
64 timing auditReport:getReport Completed in 270ms
65 silly audit report {}
66 timing auditReport:init Completed in 0ms
67 timing reify:audit Completed in 270ms
68 timing reify Completed in 975ms
69 timing command:install Completed in 994ms
70 verbose exit 0
71 timing npm Completed in 2122ms
72 info ok
