0 verbose cli /home/ubuntu/.nvm/versions/node/v16.14.2/bin/node /home/ubuntu/.nvm/versions/node/v16.14.2/bin/npm
1 info using npm@8.6.0
2 info using node@v16.14.2
3 timing npm:load:whichnode Completed in 0ms
4 timing config:load:defaults Completed in 1ms
5 timing config:load:file:/home/ubuntu/.nvm/versions/node/v16.14.2/lib/node_modules/npm/npmrc Completed in 15ms
6 timing config:load:builtin Completed in 15ms
7 timing config:load:cli Completed in 2ms
8 timing config:load:env Completed in 0ms
9 timing config:load:file:/home/ubuntu/.cache/typescript/4.6/.npmrc Completed in 0ms
10 timing config:load:project Completed in 9ms
11 timing config:load:file:/home/ubuntu/.npmrc Completed in 1ms
12 timing config:load:user Completed in 1ms
13 timing config:load:file:/home/ubuntu/.nvm/versions/node/v16.14.2/etc/npmrc Completed in 0ms
14 timing config:load:global Completed in 0ms
15 timing config:load:validate Completed in 0ms
16 timing config:load:credentials Completed in 3ms
17 timing config:load:setEnvs Completed in 1ms
18 timing config:load Completed in 35ms
19 timing npm:load:configload Completed in 37ms
20 timing npm:load:mkdirpcache Completed in 1ms
21 timing npm:load:mkdirplogs Completed in 0ms
22 verbose title npm install @types/body-parser@ts4.6 @types/cookie-parser@ts4.6 @types/cors@ts4.6 @types/express@ts4.6 @types/jsonwebtoken@ts4.6 @types/morgan@ts4.6 @types/basic-auth@ts4.6 @types/http-errors@ts4.6 @types/merge-descriptors@ts4.6 @types/object-assign@ts4.6 @types/on-finished@ts4.6 @types/on-headers@ts4.6 @types/qs@ts4.6 @types/bytes@ts4.6 @types/serve-static@ts4.6 @types/type-is@ts4.6 @types/vary@ts4.6 @types/content-type@ts4.6 @types/debug@ts4.6 @types/depd@ts4.6 @types/ee-first@ts4.6 @types/node@ts4.6
23 verbose argv "install" "--ignore-scripts" "@types/body-parser@ts4.6" "@types/cookie-parser@ts4.6" "@types/cors@ts4.6" "@types/express@ts4.6" "@types/jsonwebtoken@ts4.6" "@types/morgan@ts4.6" "@types/basic-auth@ts4.6" "@types/http-errors@ts4.6" "@types/merge-descriptors@ts4.6" "@types/object-assign@ts4.6" "@types/on-finished@ts4.6" "@types/on-headers@ts4.6" "@types/qs@ts4.6" "@types/bytes@ts4.6" "@types/serve-static@ts4.6" "@types/type-is@ts4.6" "@types/vary@ts4.6" "@types/content-type@ts4.6" "@types/debug@ts4.6" "@types/depd@ts4.6" "@types/ee-first@ts4.6" "@types/node@ts4.6" "--save-dev" "--user-agent" "typesInstaller/4.6.3"
24 timing npm:load:setTitle Completed in 3ms
25 timing config:load:flatten Completed in 4ms
26 timing npm:load:display Completed in 4ms
27 verbose logfile logs-max:10 dir:/home/ubuntu/.npm/_logs
28 verbose logfile /home/ubuntu/.npm/_logs/2022-04-11T16_04_41_994Z-debug-0.log
29 timing npm:load:logFile Completed in 7ms
30 timing npm:load:timers Completed in 0ms
31 timing npm:load:configScope Completed in 0ms
32 timing npm:load Completed in 53ms
33 timing arborist:ctor Completed in 1ms
34 silly logfile start cleaning logs, removing 1 files
35 timing idealTree:init Completed in 20ms
36 silly logfile done cleaning log files
37 timing arborist:ctor Completed in 0ms
38 http fetch GET 200 https://registry.npmjs.org/@types%2fcookie-parser 244ms (cache miss)
39 http fetch GET 200 https://registry.npmjs.org/@types%2fqs 250ms (cache miss)
40 http fetch GET 200 https://registry.npmjs.org/@types%2fmerge-descriptors 253ms (cache miss)
41 http fetch GET 200 https://registry.npmjs.org/@types%2fcors 256ms (cache miss)
42 http fetch GET 200 https://registry.npmjs.org/@types%2ftype-is 252ms (cache miss)
43 http fetch GET 200 https://registry.npmjs.org/@types%2fexpress 257ms (cache miss)
44 http fetch GET 200 https://registry.npmjs.org/@types%2fhttp-errors 257ms (cache miss)
45 http fetch GET 200 https://registry.npmjs.org/@types%2fobject-assign 257ms (cache miss)
46 http fetch GET 200 https://registry.npmjs.org/@types%2fmorgan 261ms (cache miss)
47 http fetch GET 200 https://registry.npmjs.org/@types%2fdebug 257ms (cache miss)
48 http fetch GET 200 https://registry.npmjs.org/@types%2fbytes 259ms (cache miss)
49 http fetch GET 200 https://registry.npmjs.org/@types%2fbody-parser 267ms (cache miss)
50 http fetch GET 200 https://registry.npmjs.org/@types%2fserve-static 260ms (cache miss)
51 http fetch GET 200 https://registry.npmjs.org/@types%2fdepd 259ms (cache miss)
52 http fetch GET 200 https://registry.npmjs.org/@types%2fon-headers 263ms (cache miss)
53 http fetch GET 200 https://registry.npmjs.org/@types%2fon-finished 266ms (cache miss)
54 http fetch GET 200 https://registry.npmjs.org/@types%2fvary 264ms (cache miss)
55 http fetch GET 200 https://registry.npmjs.org/@types%2fcontent-type 265ms (cache miss)
56 http fetch GET 200 https://registry.npmjs.org/@types%2fee-first 265ms (cache miss)
57 http fetch GET 200 https://registry.npmjs.org/@types%2fnode 266ms (cache miss)
58 http fetch GET 200 https://registry.npmjs.org/@types%2fjsonwebtoken 849ms (cache miss)
59 http fetch GET 200 https://registry.npmjs.org/@types%2fbasic-auth 1013ms (cache miss)
60 timing idealTree:userRequests Completed in 1022ms
61 silly idealTree buildDeps
62 silly fetch manifest @types/body-parser@1.19.2
63 silly fetch manifest @types/cookie-parser@1.4.2
64 silly fetch manifest @types/cors@2.8.12
65 silly fetch manifest @types/express@4.17.13
66 silly fetch manifest @types/jsonwebtoken@8.5.8
67 silly fetch manifest @types/morgan@1.9.3
68 silly fetch manifest @types/basic-auth@1.1.3
69 silly fetch manifest @types/http-errors@1.8.2
70 silly fetch manifest @types/merge-descriptors@1.0.1
71 silly fetch manifest @types/object-assign@4.0.30
72 silly fetch manifest @types/on-finished@2.3.1
73 silly fetch manifest @types/on-headers@1.0.0
74 silly fetch manifest @types/qs@6.9.7
75 silly fetch manifest @types/bytes@3.1.1
76 silly fetch manifest @types/serve-static@1.13.10
77 silly fetch manifest @types/type-is@1.6.3
78 silly fetch manifest @types/vary@1.1.0
79 silly fetch manifest @types/content-type@1.1.5
80 silly fetch manifest @types/debug@4.1.7
81 silly fetch manifest @types/depd@1.1.32
82 silly fetch manifest @types/ee-first@1.1.0
83 silly fetch manifest @types/node@17.0.23
84 silly placeDep ROOT @types/basic-auth@1.1.3 OK for:  want: 1.1.3
85 silly placeDep ROOT @types/body-parser@1.19.2 OK for:  want: 1.19.2
86 silly placeDep ROOT @types/bytes@3.1.1 OK for:  want: 3.1.1
87 silly placeDep ROOT @types/content-type@1.1.5 OK for:  want: 1.1.5
88 silly placeDep ROOT @types/cookie-parser@1.4.2 OK for:  want: 1.4.2
89 silly placeDep ROOT @types/cors@2.8.12 OK for:  want: 2.8.12
90 silly placeDep ROOT @types/debug@4.1.7 OK for:  want: 4.1.7
91 silly placeDep ROOT @types/depd@1.1.32 OK for:  want: 1.1.32
92 silly placeDep ROOT @types/ee-first@1.1.0 OK for:  want: 1.1.0
93 silly placeDep ROOT @types/express@4.17.13 OK for:  want: 4.17.13
94 silly placeDep ROOT @types/http-errors@1.8.2 OK for:  want: 1.8.2
95 silly placeDep ROOT @types/jsonwebtoken@8.5.8 OK for:  want: 8.5.8
96 silly placeDep ROOT @types/merge-descriptors@1.0.1 OK for:  want: 1.0.1
97 silly placeDep ROOT @types/morgan@1.9.3 OK for:  want: 1.9.3
98 silly placeDep ROOT @types/node@17.0.23 OK for:  want: 17.0.23
99 silly placeDep ROOT @types/object-assign@4.0.30 OK for:  want: 4.0.30
100 silly placeDep ROOT @types/on-finished@2.3.1 OK for:  want: 2.3.1
101 silly placeDep ROOT @types/on-headers@1.0.0 OK for:  want: 1.0.0
102 silly placeDep ROOT @types/qs@6.9.7 OK for:  want: 6.9.7
103 silly placeDep ROOT @types/serve-static@1.13.10 OK for:  want: 1.13.10
104 silly placeDep ROOT @types/type-is@1.6.3 OK for:  want: 1.6.3
105 silly placeDep ROOT @types/vary@1.1.0 OK for:  want: 1.1.0
106 silly fetch manifest @types/connect@*
107 silly fetch manifest @types/ms@*
108 silly fetch manifest @types/express-serve-static-core@^4.17.18
109 silly fetch manifest @types/mime@^1
110 http fetch GET 200 https://registry.npmjs.org/@types%2fmime 39ms (cache miss)
111 http fetch GET 200 https://registry.npmjs.org/@types%2fexpress-serve-static-core 47ms (cache miss)
112 http fetch GET 200 https://registry.npmjs.org/@types%2fconnect 54ms (cache miss)
113 http fetch GET 200 https://registry.npmjs.org/@types%2fms 50ms (cache miss)
114 timing idealTree:#root Completed in 132ms
115 timing idealTree:node_modules/@types/basic-auth Completed in 0ms
116 silly placeDep ROOT @types/connect@3.4.35 OK for: @types/body-parser@1.19.2 want: *
117 timing idealTree:node_modules/@types/body-parser Completed in 4ms
118 timing idealTree:node_modules/@types/bytes Completed in 0ms
119 timing idealTree:node_modules/@types/connect Completed in 0ms
120 timing idealTree:node_modules/@types/content-type Completed in 0ms
121 timing idealTree:node_modules/@types/cookie-parser Completed in 0ms
122 timing idealTree:node_modules/@types/cors Completed in 0ms
123 silly placeDep ROOT @types/ms@0.7.31 OK for: @types/debug@4.1.7 want: *
124 timing idealTree:node_modules/@types/debug Completed in 1ms
125 timing idealTree:node_modules/@types/depd Completed in 0ms
126 timing idealTree:node_modules/@types/ee-first Completed in 0ms
127 silly placeDep ROOT @types/express-serve-static-core@4.17.28 OK for: @types/express@4.17.13 want: ^4.17.18
128 silly fetch manifest @types/range-parser@*
129 http fetch GET 200 https://registry.npmjs.org/@types%2frange-parser 53ms (cache miss)
130 timing idealTree:node_modules/@types/express Completed in 56ms
131 silly placeDep ROOT @types/range-parser@1.2.4 OK for: @types/express-serve-static-core@4.17.28 want: *
132 timing idealTree:node_modules/@types/express-serve-static-core Completed in 1ms
133 timing idealTree:node_modules/@types/http-errors Completed in 0ms
134 timing idealTree:node_modules/@types/jsonwebtoken Completed in 0ms
135 timing idealTree:node_modules/@types/merge-descriptors Completed in 0ms
136 timing idealTree:node_modules/@types/morgan Completed in 0ms
137 timing idealTree:node_modules/@types/ms Completed in 0ms
138 timing idealTree:node_modules/@types/node Completed in 0ms
139 timing idealTree:node_modules/@types/object-assign Completed in 0ms
140 timing idealTree:node_modules/@types/on-finished Completed in 0ms
141 timing idealTree:node_modules/@types/on-headers Completed in 0ms
142 timing idealTree:node_modules/@types/qs Completed in 0ms
143 timing idealTree:node_modules/@types/range-parser Completed in 0ms
144 silly placeDep ROOT @types/mime@1.3.2 OK for: @types/serve-static@1.13.10 want: ^1
145 timing idealTree:node_modules/@types/serve-static Completed in 1ms
146 timing idealTree:node_modules/@types/mime Completed in 0ms
147 timing idealTree:node_modules/@types/type-is Completed in 0ms
148 timing idealTree:node_modules/@types/vary Completed in 0ms
149 timing idealTree:buildDeps Completed in 200ms
150 timing idealTree:fixDepFlags Completed in 1ms
151 timing idealTree Completed in 1243ms
152 timing reify:loadTrees Completed in 1244ms
153 timing reify:diffTrees Completed in 2ms
154 silly reify moves {}
155 timing reify:retireShallow Completed in 1ms
156 timing reify:createSparse Completed in 8ms
157 timing reify:loadBundles Completed in 0ms
158 silly audit bulk request {
158 silly audit   'types-registry': [ '0.1.587' ],
158 silly audit   '@types/basic-auth': [ '1.1.3' ],
158 silly audit   '@types/body-parser': [ '1.19.2' ],
158 silly audit   '@types/bytes': [ '3.1.1' ],
158 silly audit   '@types/content-type': [ '1.1.5' ],
158 silly audit   '@types/cookie-parser': [ '1.4.2' ],
158 silly audit   '@types/cors': [ '2.8.12' ],
158 silly audit   '@types/debug': [ '4.1.7' ],
158 silly audit   '@types/depd': [ '1.1.32' ],
158 silly audit   '@types/ee-first': [ '1.1.0' ],
158 silly audit   '@types/express': [ '4.17.13' ],
158 silly audit   '@types/http-errors': [ '1.8.2' ],
158 silly audit   '@types/jsonwebtoken': [ '8.5.8' ],
158 silly audit   '@types/merge-descriptors': [ '1.0.1' ],
158 silly audit   '@types/morgan': [ '1.9.3' ],
158 silly audit   '@types/node': [ '17.0.23' ],
158 silly audit   '@types/object-assign': [ '4.0.30' ],
158 silly audit   '@types/on-finished': [ '2.3.1' ],
158 silly audit   '@types/on-headers': [ '1.0.0' ],
158 silly audit   '@types/qs': [ '6.9.7' ],
158 silly audit   '@types/serve-static': [ '1.13.10' ],
158 silly audit   '@types/type-is': [ '1.6.3' ],
158 silly audit   '@types/vary': [ '1.1.0' ],
158 silly audit   '@types/connect': [ '3.4.35' ],
158 silly audit   '@types/ms': [ '0.7.31' ],
158 silly audit   '@types/express-serve-static-core': [ '4.17.28' ],
158 silly audit   '@types/range-parser': [ '1.2.4' ],
158 silly audit   '@types/mime': [ '1.3.2' ]
158 silly audit }
159 silly tarball no local data for @types/range-parser@https://registry.npmjs.org/@types/range-parser/-/range-parser-1.2.4.tgz. Extracting by manifest.
160 silly tarball no local data for @types/express-serve-static-core@https://registry.npmjs.org/@types/express-serve-static-core/-/express-serve-static-core-4.17.28.tgz. Extracting by manifest.
161 silly tarball no local data for @types/mime@https://registry.npmjs.org/@types/mime/-/mime-1.3.2.tgz. Extracting by manifest.
162 silly tarball no local data for @types/vary@https://registry.npmjs.org/@types/vary/-/vary-1.1.0.tgz. Extracting by manifest.
163 silly tarball no local data for @types/ms@https://registry.npmjs.org/@types/ms/-/ms-0.7.31.tgz. Extracting by manifest.
164 silly tarball no local data for @types/connect@https://registry.npmjs.org/@types/connect/-/connect-3.4.35.tgz. Extracting by manifest.
165 silly tarball no local data for @types/type-is@https://registry.npmjs.org/@types/type-is/-/type-is-1.6.3.tgz. Extracting by manifest.
166 silly tarball no local data for @types/serve-static@https://registry.npmjs.org/@types/serve-static/-/serve-static-1.13.10.tgz. Extracting by manifest.
167 silly tarball no local data for @types/on-headers@https://registry.npmjs.org/@types/on-headers/-/on-headers-1.0.0.tgz. Extracting by manifest.
168 silly tarball no local data for @types/qs@https://registry.npmjs.org/@types/qs/-/qs-6.9.7.tgz. Extracting by manifest.
169 silly tarball no local data for @types/on-finished@https://registry.npmjs.org/@types/on-finished/-/on-finished-2.3.1.tgz. Extracting by manifest.
170 silly tarball no local data for @types/morgan@https://registry.npmjs.org/@types/morgan/-/morgan-1.9.3.tgz. Extracting by manifest.
171 silly tarball no local data for @types/object-assign@https://registry.npmjs.org/@types/object-assign/-/object-assign-4.0.30.tgz. Extracting by manifest.
172 silly tarball no local data for @types/node@https://registry.npmjs.org/@types/node/-/node-17.0.23.tgz. Extracting by manifest.
173 silly tarball no local data for @types/merge-descriptors@https://registry.npmjs.org/@types/merge-descriptors/-/merge-descriptors-1.0.1.tgz. Extracting by manifest.
174 silly tarball no local data for @types/jsonwebtoken@https://registry.npmjs.org/@types/jsonwebtoken/-/jsonwebtoken-8.5.8.tgz. Extracting by manifest.
175 silly tarball no local data for @types/http-errors@https://registry.npmjs.org/@types/http-errors/-/http-errors-1.8.2.tgz. Extracting by manifest.
176 silly tarball no local data for @types/express@https://registry.npmjs.org/@types/express/-/express-4.17.13.tgz. Extracting by manifest.
177 silly tarball no local data for @types/ee-first@https://registry.npmjs.org/@types/ee-first/-/ee-first-1.1.0.tgz. Extracting by manifest.
178 silly tarball no local data for @types/cors@https://registry.npmjs.org/@types/cors/-/cors-2.8.12.tgz. Extracting by manifest.
179 silly tarball no local data for @types/depd@https://registry.npmjs.org/@types/depd/-/depd-1.1.32.tgz. Extracting by manifest.
180 silly tarball no local data for @types/debug@https://registry.npmjs.org/@types/debug/-/debug-4.1.7.tgz. Extracting by manifest.
181 silly tarball no local data for @types/content-type@https://registry.npmjs.org/@types/content-type/-/content-type-1.1.5.tgz. Extracting by manifest.
182 silly tarball no local data for @types/bytes@https://registry.npmjs.org/@types/bytes/-/bytes-3.1.1.tgz. Extracting by manifest.
183 silly tarball no local data for @types/cookie-parser@https://registry.npmjs.org/@types/cookie-parser/-/cookie-parser-1.4.2.tgz. Extracting by manifest.
184 silly tarball no local data for @types/basic-auth@https://registry.npmjs.org/@types/basic-auth/-/basic-auth-1.1.3.tgz. Extracting by manifest.
185 silly tarball no local data for @types/body-parser@https://registry.npmjs.org/@types/body-parser/-/body-parser-1.19.2.tgz. Extracting by manifest.
186 http fetch POST 200 https://registry.npmjs.org/-/npm/v1/security/advisories/bulk 321ms
187 timing auditReport:getReport Completed in 324ms
188 silly audit report {}
189 timing auditReport:init Completed in 0ms
190 timing reify:audit Completed in 326ms
191 http fetch GET 200 https://registry.npmjs.org/@types/mime/-/mime-1.3.2.tgz 446ms (cache miss)
192 timing reifyNode:node_modules/@types/mime Completed in 484ms
193 http fetch GET 200 https://registry.npmjs.org/@types/cors/-/cors-2.8.12.tgz 315ms (cache miss)
194 timing reifyNode:node_modules/@types/cors Completed in 493ms
195 http fetch GET 200 https://registry.npmjs.org/@types/connect/-/connect-3.4.35.tgz 482ms (cache miss)
196 timing reifyNode:node_modules/@types/connect Completed in 542ms
197 http fetch GET 200 https://registry.npmjs.org/@types/serve-static/-/serve-static-1.13.10.tgz 475ms (cache miss)
198 timing reifyNode:node_modules/@types/serve-static Completed in 549ms
199 http fetch GET 200 https://registry.npmjs.org/@types/http-errors/-/http-errors-1.8.2.tgz 398ms (cache miss)
200 timing reifyNode:node_modules/@types/http-errors Completed in 556ms
201 http fetch GET 200 https://registry.npmjs.org/@types/range-parser/-/range-parser-1.2.4.tgz 537ms (cache miss)
202 timing reifyNode:node_modules/@types/range-parser Completed in 564ms
203 http fetch GET 200 https://registry.npmjs.org/@types/ms/-/ms-0.7.31.tgz 521ms (cache miss)
204 timing reifyNode:node_modules/@types/ms Completed in 573ms
205 http fetch GET 200 https://registry.npmjs.org/@types/merge-descriptors/-/merge-descriptors-1.0.1.tgz 435ms (cache miss)
206 timing reifyNode:node_modules/@types/merge-descriptors Completed in 581ms
207 http fetch GET 200 https://registry.npmjs.org/@types/type-is/-/type-is-1.6.3.tgz 524ms (cache miss)
208 timing reifyNode:node_modules/@types/type-is Completed in 591ms
209 http fetch GET 200 https://registry.npmjs.org/@types/qs/-/qs-6.9.7.tgz 511ms (cache miss)
210 timing reifyNode:node_modules/@types/qs Completed in 595ms
211 http fetch GET 200 https://registry.npmjs.org/@types/content-type/-/content-type-1.1.5.tgz 371ms (cache miss)
212 timing reifyNode:node_modules/@types/content-type Completed in 620ms
213 http fetch GET 200 https://registry.npmjs.org/@types/body-parser/-/body-parser-1.19.2.tgz 382ms (cache miss)
214 timing reifyNode:node_modules/@types/body-parser Completed in 637ms
215 http fetch GET 200 https://registry.npmjs.org/@types/vary/-/vary-1.1.0.tgz 610ms (cache miss)
216 timing reifyNode:node_modules/@types/vary Completed in 655ms
217 http fetch GET 200 https://registry.npmjs.org/@types/on-headers/-/on-headers-1.0.0.tgz 582ms (cache miss)
218 timing reifyNode:node_modules/@types/on-headers Completed in 658ms
219 http fetch GET 200 https://registry.npmjs.org/@types/object-assign/-/object-assign-4.0.30.tgz 533ms (cache miss)
220 timing reifyNode:node_modules/@types/object-assign Completed in 667ms
221 http fetch GET 200 https://registry.npmjs.org/@types/express/-/express-4.17.13.tgz 505ms (cache miss)
222 timing reifyNode:node_modules/@types/express Completed in 673ms
223 http fetch GET 200 https://registry.npmjs.org/@types/ee-first/-/ee-first-1.1.0.tgz 509ms (cache miss)
224 timing reifyNode:node_modules/@types/ee-first Completed in 680ms
225 http fetch GET 200 https://registry.npmjs.org/@types/depd/-/depd-1.1.32.tgz 464ms (cache miss)
226 timing reifyNode:node_modules/@types/depd Completed in 684ms
227 http fetch GET 200 https://registry.npmjs.org/@types/debug/-/debug-4.1.7.tgz 470ms (cache miss)
228 timing reifyNode:node_modules/@types/debug Completed in 694ms
229 http fetch GET 200 https://registry.npmjs.org/@types/on-finished/-/on-finished-2.3.1.tgz 600ms (cache miss)
230 timing reifyNode:node_modules/@types/on-finished Completed in 724ms
231 http fetch GET 200 https://registry.npmjs.org/@types/bytes/-/bytes-3.1.1.tgz 501ms (cache miss)
232 timing reifyNode:node_modules/@types/bytes Completed in 737ms
233 http fetch GET 200 https://registry.npmjs.org/@types/express-serve-static-core/-/express-serve-static-core-4.17.28.tgz 712ms (cache miss)
234 timing reifyNode:node_modules/@types/express-serve-static-core Completed in 746ms
235 http fetch GET 200 https://registry.npmjs.org/@types/morgan/-/morgan-1.9.3.tgz 625ms (cache miss)
236 timing reifyNode:node_modules/@types/morgan Completed in 753ms
237 http fetch GET 200 https://registry.npmjs.org/@types/node/-/node-17.0.23.tgz 656ms (cache miss)
238 timing reifyNode:node_modules/@types/node Completed in 797ms
239 http fetch GET 200 https://registry.npmjs.org/@types/basic-auth/-/basic-auth-1.1.3.tgz 890ms (cache miss)
240 timing reifyNode:node_modules/@types/basic-auth Completed in 1139ms
241 http fetch GET 200 https://registry.npmjs.org/@types/jsonwebtoken/-/jsonwebtoken-8.5.8.tgz 1011ms (cache miss)
242 timing reifyNode:node_modules/@types/jsonwebtoken Completed in 1164ms
243 http fetch GET 200 https://registry.npmjs.org/@types/cookie-parser/-/cookie-parser-1.4.2.tgz 926ms (cache miss)
244 timing reifyNode:node_modules/@types/cookie-parser Completed in 1169ms
245 timing reify:unpack Completed in 1173ms
246 timing reify:unretire Completed in 0ms
247 timing build:queue Completed in 6ms
248 timing build:deps Completed in 7ms
249 timing build Completed in 7ms
250 timing reify:build Completed in 7ms
251 timing reify:trash Completed in 0ms
252 timing reify:save Completed in 29ms
253 timing reify Completed in 2484ms
254 silly ADD node_modules/@types/mime
255 silly ADD node_modules/@types/range-parser
256 silly ADD node_modules/@types/express-serve-static-core
257 silly ADD node_modules/@types/ms
258 silly ADD node_modules/@types/connect
259 silly ADD node_modules/@types/vary
260 silly ADD node_modules/@types/type-is
261 silly ADD node_modules/@types/serve-static
262 silly ADD node_modules/@types/qs
263 silly ADD node_modules/@types/on-headers
264 silly ADD node_modules/@types/on-finished
265 silly ADD node_modules/@types/object-assign
266 silly ADD node_modules/@types/node
267 silly ADD node_modules/@types/morgan
268 silly ADD node_modules/@types/merge-descriptors
269 silly ADD node_modules/@types/jsonwebtoken
270 silly ADD node_modules/@types/http-errors
271 silly ADD node_modules/@types/express
272 silly ADD node_modules/@types/ee-first
273 silly ADD node_modules/@types/depd
274 silly ADD node_modules/@types/debug
275 silly ADD node_modules/@types/cors
276 silly ADD node_modules/@types/cookie-parser
277 silly ADD node_modules/@types/content-type
278 silly ADD node_modules/@types/bytes
279 silly ADD node_modules/@types/body-parser
280 silly ADD node_modules/@types/basic-auth
281 timing command:install Completed in 2491ms
282 verbose exit 0
283 timing npm Completed in 2783ms
284 info ok
